<?xml version="1.0" encoding="UTF-8"?>
<testng-results ignored="0" total="1" passed="1" failed="0" skipped="0">
  <reporter-output>
  </reporter-output>
  <suite started-at="2022-07-07T15:51:17 IST" name="Suite" finished-at="2022-07-07T15:51:52 IST" duration-ms="35476">
    <groups>
      <group name="cucumber">
        <method signature="AbstractTestNGCucumberTests.runScenario(io.cucumber.testng.PickleWrapper,io.cucumber.testng.FeatureWrapper)[pri:0, instance:runners.MyRunner@5d7148e2]" name="runScenario" class="io.cucumber.testng.AbstractTestNGCucumberTests"/>
      </group> <!-- cucumber -->
    </groups>
    <test started-at="2022-07-07T15:51:17 IST" name="Test" finished-at="2022-07-07T15:51:52 IST" duration-ms="35476">
      <class name="runners.MyRunner">
        <test-method is-config="true" signature="setUpClass(org.testng.ITestContext)[pri:0, instance:runners.MyRunner@5d7148e2]" started-at="2022-07-07T15:51:17 IST" name="setUpClass" finished-at="2022-07-07T15:51:17 IST" duration-ms="578" status="PASS">
          <params>
            <param index="0">
              <value>
                <![CDATA[org.testng.TestRunner@581b1c08]]>
              </value>
            </param>
          </params>
          <reporter-output>
          </reporter-output>
        </test-method> <!-- setUpClass -->
        <test-method signature="runScenario(io.cucumber.testng.PickleWrapper,io.cucumber.testng.FeatureWrapper)[pri:0, instance:runners.MyRunner@5d7148e2]" started-at="2022-07-07T15:51:17 IST" name="runScenario" description="Runs Cucumber Scenarios" data-provider="scenarios" finished-at="2022-07-07T15:51:52 IST" duration-ms="34821" status="PASS">
          <params>
            <param index="0">
              <value>
                <![CDATA["Avail Subscription to a particular course"]]>
              </value>
            </param>
            <param index="1">
              <value>
                <![CDATA["Subscription"]]>
              </value>
            </param>
          </params>
          <reporter-output>
          </reporter-output>
        </test-method> <!-- runScenario -->
        <test-method is-config="true" signature="tearDownClass()[pri:0, instance:runners.MyRunner@5d7148e2]" started-at="2022-07-07T15:51:52 IST" name="tearDownClass" finished-at="2022-07-07T15:51:52 IST" duration-ms="31" status="PASS">
          <reporter-output>
          </reporter-output>
        </test-method> <!-- tearDownClass -->
      </class> <!-- runners.MyRunner -->
    </test> <!-- Test -->
  </suite> <!-- Suite -->
</testng-results>
