<?xml version="1.0" encoding="UTF-8"?>
<testng-results ignored="0" total="1" passed="1" failed="0" skipped="0">
  <reporter-output>
  </reporter-output>
  <suite started-at="2022-07-10T20:11:23 IST" name="Default suite" finished-at="2022-07-10T20:12:07 IST" duration-ms="44450">
    <groups>
      <group name="cucumber">
        <method signature="AbstractTestNGCucumberTests.runScenario(io.cucumber.testng.PickleWrapper,io.cucumber.testng.FeatureWrapper)[pri:0, instance:runners.MyRunner@13e344d]" name="runScenario" class="io.cucumber.testng.AbstractTestNGCucumberTests"/>
      </group> <!-- cucumber -->
    </groups>
    <test started-at="2022-07-10T20:11:23 IST" name="Default test" finished-at="2022-07-10T20:12:07 IST" duration-ms="44450">
      <class name="runners.MyRunner">
        <test-method is-config="true" signature="setUpClass(org.testng.ITestContext)[pri:0, instance:runners.MyRunner@13e344d]" started-at="2022-07-10T20:11:23 IST" name="setUpClass" finished-at="2022-07-10T20:11:25 IST" duration-ms="1478" status="PASS">
          <params>
            <param index="0">
              <value>
                <![CDATA[org.testng.TestRunner@776015fc]]>
              </value>
            </param>
          </params>
          <reporter-output>
          </reporter-output>
        </test-method> <!-- setUpClass -->
        <test-method signature="runScenario(io.cucumber.testng.PickleWrapper,io.cucumber.testng.FeatureWrapper)[pri:0, instance:runners.MyRunner@13e344d]" started-at="2022-07-10T20:11:25 IST" name="runScenario" description="Runs Cucumber Scenarios" data-provider="scenarios" finished-at="2022-07-10T20:12:07 IST" duration-ms="42726" status="PASS">
          <params>
            <param index="0">
              <value>
                <![CDATA["User should verify the Settings page functionality"]]>
              </value>
            </param>
            <param index="1">
              <value>
                <![CDATA["validate Settings functionality of unacademy applicantion"]]>
              </value>
            </param>
          </params>
          <reporter-output>
          </reporter-output>
        </test-method> <!-- runScenario -->
        <test-method is-config="true" signature="tearDownClass()[pri:0, instance:runners.MyRunner@13e344d]" started-at="2022-07-10T20:12:07 IST" name="tearDownClass" finished-at="2022-07-10T20:12:07 IST" duration-ms="132" status="PASS">
          <reporter-output>
          </reporter-output>
        </test-method> <!-- tearDownClass -->
      </class> <!-- runners.MyRunner -->
    </test> <!-- Default test -->
  </suite> <!-- Default suite -->
</testng-results>
